[    0.000000] Initializing cgroup subsys cpuset
[    0.000000] Initializing cgroup subsys cpu
[    0.000000] Initializing cgroup subsys cpuacct
[    0.000000] Linux version 4.4.0-186-generic (buildd@lcy01-amd64-002) (gcc version 5.4.0 20160609 (Ubuntu 5.4.0-6ubuntu1~16.04.12) ) #216-Ubuntu SMP Wed Jul 1 05:34:05 UTC 2020 (Ubuntu 4.4.0-186.216-generic 4.4.228)
[    0.000000] Command line: BOOT_IMAGE=/boot/vmlinuz-4.4.0-186-generic root=LABEL=cloudimg-rootfs ro console=tty1 console=ttyS0
[    0.000000] KERNEL supported cpus:
[    0.000000]   Intel GenuineIntel
[    0.000000]   AMD AuthenticAMD
[    0.000000]   Centaur CentaurHauls
[    0.000000] [Firmware Bug]: TSC doesn't count with P0 frequency!
[    0.000000] x86/fpu: xstate_offset[2]:  576, xstate_sizes[2]:  256
[    0.000000] x86/fpu: Supporting XSAVE feature 0x01: 'x87 floating point registers'
[    0.000000] x86/fpu: Supporting XSAVE feature 0x02: 'SSE registers'
[    0.000000] x86/fpu: Supporting XSAVE feature 0x04: 'AVX registers'
[    0.000000] x86/fpu: Enabled xstate features 0x7, context size is 832 bytes, using 'standard' format.
[    0.000000] e820: BIOS-provided physical RAM map:
[    0.000000] BIOS-e820: [mem 0x0000000000000000-0x000000000009fbff] usable
[    0.000000] BIOS-e820: [mem 0x000000000009fc00-0x000000000009ffff] reserved
[    0.000000] BIOS-e820: [mem 0x00000000000f0000-0x00000000000fffff] reserved
[    0.000000] BIOS-e820: [mem 0x0000000000100000-0x000000003ffeffff] usable
[    0.000000] BIOS-e820: [mem 0x000000003fff0000-0x000000003fffffff] ACPI data
[    0.000000] BIOS-e820: [mem 0x00000000fec00000-0x00000000fec00fff] reserved
[    0.000000] BIOS-e820: [mem 0x00000000fee00000-0x00000000fee00fff] reserved
[    0.000000] BIOS-e820: [mem 0x00000000fffc0000-0x00000000ffffffff] reserved
[    0.000000] NX (Execute Disable) protection: active
[    0.000000] SMBIOS 2.5 present.
[    0.000000] Hypervisor detected: KVM
[    0.000000] Kernel/User page tables isolation: disabled
[    0.000000] e820: last_pfn = 0x3fff0 max_arch_pfn = 0x400000000
[    0.000000] MTRR: Disabled
[    0.000000] x86/PAT: MTRRs disabled, skipping PAT initialization too.
[    0.000000] CPU MTRRs all blank - virtualized system.
[    0.000000] x86/PAT: Configuration [0-7]: WB  WT  UC- UC  WB  WT  UC- UC  
[    0.000000] found SMP MP-table at [mem 0x0009fff0-0x0009ffff] mapped at [ffff88000009fff0]
[    0.000000] Scanning 1 areas for low memory corruption
[    0.000000] RAMDISK: [mem 0x362e0000-0x37167fff]
[    0.000000] ACPI: Early table checksum verification disabled
[    0.000000] ACPI: RSDP 0x00000000000E0000 000024 (v02 VBOX  )
[    0.000000] ACPI: XSDT 0x000000003FFF0030 00003C (v01 VBOX   VBOXXSDT 00000001 ASL  00000061)
[    0.000000] ACPI: FACP 0x000000003FFF00F0 0000F4 (v04 VBOX   VBOXFACP 00000001 ASL  00000061)
[    0.000000] ACPI: DSDT 0x000000003FFF0470 002325 (v02 VBOX   VBOXBIOS 00000002 INTL 20100528)
[    0.000000] ACPI: FACS 0x000000003FFF0200 000040
[    0.000000] ACPI: FACS 0x000000003FFF0200 000040
[    0.000000] ACPI: APIC 0x000000003FFF0240 00005C (v02 VBOX   VBOXAPIC 00000001 ASL  00000061)
[    0.000000] ACPI: SSDT 0x000000003FFF02A0 0001CC (v01 VBOX   VBOXCPUT 00000002 INTL 20100528)
[    0.000000] No NUMA configuration found
[    0.000000] Faking a node at [mem 0x0000000000000000-0x000000003ffeffff]
[    0.000000] NODE_DATA(0) allocated [mem 0x3ffeb000-0x3ffeffff]
[    0.000000] kvm-clock: Using msrs 4b564d01 and 4b564d00
[    0.000000] kvm-clock: cpu 0, msr 0:3ffe3001, primary cpu clock
[    0.000000] kvm-clock: using sched offset of 4014080969 cycles
[    0.000000] clocksource: kvm-clock: mask: 0xffffffffffffffff max_cycles: 0x1cd42e4dffb, max_idle_ns: 881590591483 ns
[    0.000000] Zone ranges:
[    0.000000]   DMA      [mem 0x0000000000001000-0x0000000000ffffff]
[    0.000000]   DMA32    [mem 0x0000000001000000-0x000000003ffeffff]
[    0.000000]   Normal   empty
[    0.000000]   Device   empty
[    0.000000] Movable zone start for each node
[    0.000000] Early memory node ranges
[    0.000000]   node   0: [mem 0x0000000000001000-0x000000000009efff]
[    0.000000]   node   0: [mem 0x0000000000100000-0x000000003ffeffff]
[    0.000000] Initmem setup node 0 [mem 0x0000000000001000-0x000000003ffeffff]
[    0.000000] ACPI: PM-Timer IO Port: 0x4008
[    0.000000] IOAPIC[0]: apic_id 2, version 32, address 0xfec00000, GSI 0-23
[    0.000000] ACPI: INT_SRC_OVR (bus 0 bus_irq 0 global_irq 2 dfl dfl)
[    0.000000] ACPI: INT_SRC_OVR (bus 0 bus_irq 9 global_irq 9 low level)
[    0.000000] Using ACPI (MADT) for SMP configuration information
[    0.000000] smpboot: Allowing 2 CPUs, 0 hotplug CPUs
[    0.000000] PM: Registered nosave memory: [mem 0x00000000-0x00000fff]
[    0.000000] PM: Registered nosave memory: [mem 0x0009f000-0x0009ffff]
[    0.000000] PM: Registered nosave memory: [mem 0x000a0000-0x000effff]
[    0.000000] PM: Registered nosave memory: [mem 0x000f0000-0x000fffff]
[    0.000000] e820: [mem 0x40000000-0xfebfffff] available for PCI devices
[    0.000000] Booting paravirtualized kernel on KVM
[    0.000000] clocksource: refined-jiffies: mask: 0xffffffff max_cycles: 0xffffffff, max_idle_ns: 7645519600211568 ns
[    0.000000] setup_percpu: NR_CPUS:512 nr_cpumask_bits:512 nr_cpu_ids:2 nr_node_ids:1
[    0.000000] PERCPU: Embedded 33 pages/cpu @ffff88003fc00000 s95512 r8192 d31464 u1048576
[    0.000000] Built 1 zonelists in Node order, mobility grouping on.  Total pages: 257912
[    0.000000] Policy zone: DMA32
[    0.000000] Kernel command line: BOOT_IMAGE=/boot/vmlinuz-4.4.0-186-generic root=LABEL=cloudimg-rootfs ro console=tty1 console=ttyS0
[    0.000000] PID hash table entries: 4096 (order: 3, 32768 bytes)
[    0.000000] Memory: 997664K/1048120K available (8636K kernel code, 1337K rwdata, 4040K rodata, 1492K init, 1296K bss, 50456K reserved, 0K cma-reserved)
[    0.000000] SLUB: HWalign=64, Order=0-3, MinObjects=0, CPUs=2, Nodes=1
[    0.000000] Hierarchical RCU implementation.
[    0.000000] 	Build-time adjustment of leaf fanout to 64.
[    0.000000] 	RCU restricting CPUs from NR_CPUS=512 to nr_cpu_ids=2.
[    0.000000] RCU: Adjusting geometry for rcu_fanout_leaf=64, nr_cpu_ids=2
[    0.000000] NR_IRQS:33024 nr_irqs:440 16
[    0.000000] Console: colour VGA+ 80x25
[    0.000000] console [tty1] enabled
[    0.000000] console [ttyS0] enabled
[    0.000000] tsc: Detected 2994.370 MHz processor
[    0.288518] Calibrating delay loop (skipped) preset value.. 5988.74 BogoMIPS (lpj=11977480)
[    0.293186] pid_max: default: 32768 minimum: 301
[    0.295615] ACPI: Core revision 20150930
[    0.299835] ACPI: 2 ACPI AML tables successfully acquired and loaded
[    0.303138] Security Framework initialized
[    0.305914] Yama: becoming mindful.
[    0.307967] AppArmor: AppArmor initialized
[    0.310464] Dentry cache hash table entries: 131072 (order: 8, 1048576 bytes)
[    0.315032] Inode-cache hash table entries: 65536 (order: 7, 524288 bytes)
[    0.320160] Mount-cache hash table entries: 2048 (order: 2, 16384 bytes)
[    0.324540] Mountpoint-cache hash table entries: 2048 (order: 2, 16384 bytes)
[    0.328449] Initializing cgroup subsys io
[    0.330500] Initializing cgroup subsys memory
[    0.332832] Initializing cgroup subsys devices
[    0.334962] Initializing cgroup subsys freezer
[    0.337237] Initializing cgroup subsys net_cls
[    0.339350] Initializing cgroup subsys perf_event
[    0.341629] Initializing cgroup subsys net_prio
[    0.343822] Initializing cgroup subsys hugetlb
[    0.345991] Initializing cgroup subsys pids
[    0.356796] mce: CPU supports 0 MCE banks
[    0.359214] Last level iTLB entries: 4KB 1024, 2MB 1024, 4MB 512
[    0.361933] Last level dTLB entries: 4KB 2048, 2MB 2048, 4MB 1024, 1GB 0
[    0.364996] Spectre V1 : Mitigation: usercopy/swapgs barriers and __user pointer sanitization
[    0.368952] Spectre V2 : Spectre mitigation: LFENCE not serializing, switching to generic retpoline
[    0.373518] Spectre V2 : Mitigation: Full generic retpoline
[    0.376037] Spectre V2 : Spectre v2 / SpectreRSB mitigation: Filling RSB on context switch
[    0.380020] Speculative Store Bypass: Mitigation: Speculative Store Bypass disabled via prctl and seccomp
[    0.390440] Freeing SMP alternatives memory: 36K
[    0.407342] ftrace: allocating 32334 entries in 127 pages
[    0.552771] smpboot: APIC(0) Converting physical 0 to logical package 0
[    0.556474] smpboot: Max logical packages: 1
[    0.559473] x2apic enabled
[    0.562111] Switched APIC routing to physical x2apic.
[    0.568853] ..TIMER: vector=0x30 apic1=0 pin1=2 apic2=-1 pin2=-1
[    0.681227] smpboot: CPU0: AMD Ryzen 5 4600H with Radeon Graphics (family: 0x17, model: 0x60, stepping: 0x1)
[    0.686141] Performance Events: Broken PMU hardware detected, using software events only.
[    0.690810] Failed to access perfctr msr (MSR c0010007 is 0)
[    0.711460] KVM setup paravirtual spinlock
[    0.715604] x86: Booting SMP configuration:
[    0.717771] .... node  #0, CPUs:      #1
[    0.720301] kvm-clock: cpu 1, msr 0:3ffe3041, secondary cpu clock
[    0.730795] mce: CPU supports 0 MCE banks
[    0.735735] x86: Booted up 1 node, 2 CPUs
[    0.739174] smpboot: Total of 2 processors activated (11977.48 BogoMIPS)
[    0.743923] devtmpfs: initialized
[    0.750187] evm: security.selinux
[    0.752156] evm: security.SMACK64
[    0.754090] evm: security.SMACK64EXEC
[    0.756554] evm: security.SMACK64TRANSMUTE
[    0.758581] evm: security.SMACK64MMAP
[    0.760599] evm: security.ima
[    0.762558] evm: security.capability
[    0.765789] clocksource: jiffies: mask: 0xffffffff max_cycles: 0xffffffff, max_idle_ns: 7645041785100000 ns
[    0.771256] futex hash table entries: 512 (order: 3, 32768 bytes)
[    0.775265] pinctrl core: initialized pinctrl subsystem
[    0.778515] RTC time:  8:57:30, date: 07/27/20
[    0.783082] NET: Registered protocol family 16
[    0.797559] cpuidle: using governor ladder
[    0.809257] cpuidle: using governor menu
[    0.811775] PCCT header not found.
[    0.815149] ACPI: bus type PCI registered
[    0.817370] acpiphp: ACPI Hot Plug PCI Controller Driver version: 0.5
[    0.821262] PCI: Using configuration type 1 for base access
[    0.824173] PCI: Using configuration type 1 for extended access
[    0.842559] ACPI: Added _OSI(Module Device)
[    0.844961] ACPI: Added _OSI(Processor Device)
[    0.847158] ACPI: Added _OSI(3.0 _SCP Extensions)
[    0.849589] ACPI: Added _OSI(Processor Aggregator Device)
[    0.854713] ACPI: Executed 1 blocks of module-level executable AML code
[    0.863530] ACPI: Interpreter enabled
[    0.865917] ACPI: (supports S0 S5)
[    0.867898] ACPI: Using IOAPIC for interrupt routing
[    0.872162] PCI: Using host bridge windows from ACPI; if necessary, use "pci=nocrs" and report a bug
[    0.885360] ACPI: PCI Root Bridge [PCI0] (domain 0000 [bus 00-ff])
[    0.889222] acpi PNP0A03:00: _OSC: OS supports [ExtendedConfig ASPM ClockPM Segments MSI]
[    0.907833] acpi PNP0A03:00: _OSC: platform does not support [PCIeCapability]
[    0.911753] acpi PNP0A03:00: _OSC: not requesting control; platform does not support [PCIeCapability]
[    0.916192] acpi PNP0A03:00: _OSC: OS requested [PCIeHotplug PME AER PCIeCapability]
[    0.920121] acpi PNP0A03:00: _OSC: platform willing to grant [PCIeHotplug PME AER]
[    0.924031] acpi PNP0A03:00: _OSC failed (AE_SUPPORT); disabling ASPM
[    0.927576] PCI host bridge to bus 0000:00
[    0.929775] pci_bus 0000:00: root bus resource [io  0x0000-0x0cf7 window]
[    0.957450] pci_bus 0000:00: root bus resource [io  0x0d00-0xffff window]
[    0.960447] pci_bus 0000:00: root bus resource [mem 0x000a0000-0x000bffff window]
[    0.964253] pci_bus 0000:00: root bus resource [mem 0x40000000-0xfdffffff window]
[    0.968341] pci_bus 0000:00: root bus resource [bus 00-ff]
[    0.976089] pci 0000:00:01.1: legacy IDE quirk: reg 0x10: [io  0x01f0-0x01f7]
[    0.979146] pci 0000:00:01.1: legacy IDE quirk: reg 0x14: [io  0x03f6]
[    0.980997] pci 0000:00:01.1: legacy IDE quirk: reg 0x18: [io  0x0170-0x0177]
[    0.983125] pci 0000:00:01.1: legacy IDE quirk: reg 0x1c: [io  0x0376]
[    1.013112] pci 0000:00:07.0: quirk: [io  0x4000-0x403f] claimed by PIIX4 ACPI
[    1.017465] pci 0000:00:07.0: quirk: [io  0x4100-0x410f] claimed by PIIX4 SMB
[    1.028993] ACPI: PCI Interrupt Link [LNKA] (IRQs 5 9 10 *11)
[    1.031977] ACPI: PCI Interrupt Link [LNKB] (IRQs 5 9 *10 11)
[    1.034424] ACPI: PCI Interrupt Link [LNKC] (IRQs 5 *9 10 11)
[    1.037456] ACPI: PCI Interrupt Link [LNKD] (IRQs 5 9 10 *11)
[    1.042080] ACPI: Enabled 2 GPEs in block 00 to 07
[    1.045577] vgaarb: setting as boot device: PCI:0000:00:02.0
[    1.048269] vgaarb: device added: PCI:0000:00:02.0,decodes=io+mem,owns=io+mem,locks=none
[    1.054894] vgaarb: loaded
[    1.056836] vgaarb: bridge control possible 0000:00:02.0
[    1.060644] SCSI subsystem initialized
[    1.063397] ACPI: bus type USB registered
[    1.065721] usbcore: registered new interface driver usbfs
[    1.070762] usbcore: registered new interface driver hub
[    1.073612] usbcore: registered new device driver usb
[    1.077072] PCI: Using ACPI for IRQ routing
[    1.079836] NetLabel: Initializing
[    1.081719] NetLabel:  domain hash size = 128
[    1.083775] NetLabel:  protocols = UNLABELED CIPSOv4
[    1.086209] NetLabel:  unlabeled traffic allowed by default
[    1.089218] amd_nb: Cannot enumerate AMD northbridges
[    1.092074] clocksource: Switched to clocksource kvm-clock
[    1.107697] AppArmor: AppArmor Filesystem Enabled
[    1.110170] pnp: PnP ACPI init
[    1.113613] pnp: PnP ACPI: found 3 devices
[    1.138631] clocksource: acpi_pm: mask: 0xffffff max_cycles: 0xffffff, max_idle_ns: 2085701024 ns
[    1.142974] NET: Registered protocol family 2
[    1.145368] TCP established hash table entries: 8192 (order: 4, 65536 bytes)
[    1.148290] TCP bind hash table entries: 8192 (order: 5, 131072 bytes)
[    1.151113] TCP: Hash tables configured (established 8192 bind 8192)
[    1.154053] UDP hash table entries: 512 (order: 2, 16384 bytes)
[    1.156879] UDP-Lite hash table entries: 512 (order: 2, 16384 bytes)
[    1.159734] NET: Registered protocol family 1
[    1.162020] pci 0000:00:00.0: Limiting direct PCI/PCI transfers
[    1.164754] pci 0000:00:01.0: Activating ISA DMA hang workarounds
[    1.169236] Unpacking initramfs...
[    1.593315] Freeing initrd memory: 14880K
[    1.594848] clocksource: tsc: mask: 0xffffffffffffffff max_cycles: 0x2b297ee6b6c, max_idle_ns: 440795233980 ns
[    1.597565] platform rtc_cmos: registered platform RTC device (no PNP device found)
[    1.599695] Scanning for low memory corruption every 60 seconds
[    1.601763] audit: initializing netlink subsys (disabled)
[    1.603162] audit: type=2000 audit(1595840256.644:1): initialized
[    1.605056] Initialise system trusted keyring
[    1.606485] HugeTLB registered 2 MB page size, pre-allocated 0 pages
[    1.609267] zbud: loaded
[    1.610713] VFS: Disk quotas dquot_6.6.0
[    1.612653] VFS: Dquot-cache hash table entries: 512 (order 0, 4096 bytes)
[    1.615766] squashfs: version 4.0 (2009/01/31) Phillip Lougher
[    1.618791] fuse init (API version 7.23)
[    1.622105] Key type big_key registered
[    1.623446] Allocating IMA MOK and blacklist keyrings.
[    1.628143] Key type asymmetric registered
[    1.629330] Asymmetric key parser 'x509' registered
[    1.630750] Block layer SCSI generic (bsg) driver version 0.4 loaded (major 249)
[    1.632954] io scheduler noop registered
[    1.634040] io scheduler deadline registered (default)
[    1.635375] io scheduler cfq registered
[    1.636749] pci_hotplug: PCI Hot Plug PCI Core version: 0.5
[    1.638192] pciehp: PCI Express Hot Plug Controller Driver version: 0.4
[    1.640028] ACPI: AC Adapter [AC] (off-line)
[    1.641262] input: Power Button as /devices/LNXSYSTM:00/LNXPWRBN:00/input/input0
[    1.643352] ACPI: Power Button [PWRF]
[    1.644486] input: Sleep Button as /devices/LNXSYSTM:00/LNXSLPBN:00/input/input1
[    1.646523] ACPI: Sleep Button [SLPF]
[    1.647893] GHES: HEST is not enabled!
[    1.649083] Serial: 8250/16550 driver, 32 ports, IRQ sharing enabled
[    1.649114] ACPI: Battery Slot [BAT0] (battery present)
[    1.672872] 00:02: ttyS0 at I/O 0x3f8 (irq = 4, base_baud = 115200) is a 16550A
[    1.680809] Linux agpgart interface v0.103
[    1.685596] loop: module loaded
[    1.688648] scsi host0: ata_piix
[    1.690649] scsi host1: ata_piix
[    1.691714] ata1: PATA max UDMA/33 cmd 0x1f0 ctl 0x3f6 bmdma 0xd000 irq 14
[    1.693796] ata2: PATA max UDMA/33 cmd 0x170 ctl 0x376 bmdma 0xd008 irq 15
[    1.695594] libphy: Fixed MDIO Bus: probed
[    1.696867] tun: Universal TUN/TAP device driver, 1.6
[    1.698160] tun: (C) 1999-2004 Max Krasnyansky <maxk@qualcomm.com>
[    1.699912] PPP generic driver version 2.4.2
[    1.701458] ehci_hcd: USB 2.0 'Enhanced' Host Controller (EHCI) Driver
[    1.703120] ehci-pci: EHCI PCI platform driver
[    1.704335] ehci-platform: EHCI generic platform driver
[    1.705762] ohci_hcd: USB 1.1 'Open' Host Controller (OHCI) Driver
[    1.707304] ohci-pci: OHCI PCI platform driver
[    1.708502] ohci-platform: OHCI generic platform driver
[    1.709869] uhci_hcd: USB Universal Host Controller Interface driver
[    1.711480] i8042: PNP: PS/2 Controller [PNP0303:PS2K,PNP0f03:PS2M] at 0x60,0x64 irq 1,12
[    1.714454] serio: i8042 KBD port at 0x60,0x64 irq 1
[    1.715803] serio: i8042 AUX port at 0x60,0x64 irq 12
[    1.717512] mousedev: PS/2 mouse device common for all mice
[    1.720004] rtc_cmos rtc_cmos: rtc core: registered rtc_cmos as rtc0
[    1.721756] input: AT Translated Set 2 keyboard as /devices/platform/i8042/serio0/input/input2
[    1.724047] rtc_cmos rtc_cmos: alarms up to one day, 114 bytes nvram
[    1.725672] i2c /dev entries driver
[    1.726815] device-mapper: uevent: version 1.0.3
[    1.728195] device-mapper: ioctl: 4.34.0-ioctl (2015-10-28) initialised: dm-devel@redhat.com
[    1.730469] ledtrig-cpu: registered to indicate activity on CPUs
[    1.732713] NET: Registered protocol family 10
[    1.734314] NET: Registered protocol family 17
[    1.735537] Key type dns_resolver registered
[    1.737550] registered taskstats version 1
[    1.738865] Loading compiled-in X.509 certificates
[    1.740776] Loaded X.509 cert 'Build time autogenerated kernel key: cef5e81496c0efa51b848ab539e845ddf31c08be'
[    1.743383] zswap: loaded using pool lzo/zbud
[    1.747762] Key type trusted registered
[    1.755431] Key type encrypted registered
[    1.757352] AppArmor: AppArmor sha1 policy hashing enabled
[    1.759769] ima: No TPM chip found, activating TPM-bypass!
[    1.762115] ima: Allocated hash algorithm: sha1
[    1.764387] evm: HMAC attrs: 0x1
[    1.766561]   Magic number: 12:325:979
[    1.768548] rtc_cmos rtc_cmos: setting system clock to 2020-07-27 08:57:31 UTC (1595840251)
[    1.772893] BIOS EDD facility v0.16 2004-Jun-25, 0 devices found
[    1.775401] EDD information not available.
[    2.007800] Freeing unused kernel memory: 1492K
[    2.009036] Write protecting the kernel read-only data: 14336k
[    2.011225] Freeing unused kernel memory: 1592K
[    2.014816] Freeing unused kernel memory: 56K
Loading, please wait...
starting version 229
[    2.047285] random: systemd-udevd: uninitialized urandom read (16 bytes read, 5 bits of entropy available)
[    2.048660] random: udevadm: uninitialized urandom read (16 bytes read, 5 bits of entropy available)
[    2.048699] random: udevadm: uninitialized urandom read (16 bytes read, 5 bits of entropy available)
[    2.066096] random: systemd-udevd: uninitialized urandom read (16 bytes read, 5 bits of entropy available)
[    2.069611] random: systemd-udevd: uninitialized urandom read (16 bytes read, 5 bits of entropy available)
[    2.075319] random: systemd-udevd: uninitialized urandom read (16 bytes read, 5 bits of entropy available)
[    2.075903] random: udevadm: uninitialized urandom read (16 bytes read, 5 bits of entropy available)
[    2.076039] random: udevadm: uninitialized urandom read (16 bytes read, 5 bits of entropy available)
[    2.076969] random: udevadm: uninitialized urandom read (16 bytes read, 5 bits of entropy available)
[    2.077117] random: udevadm: uninitialized urandom read (16 bytes read, 5 bits of entropy available)
[    2.141511] Fusion MPT base driver 3.04.20
[    2.142840] Copyright (c) 1999-2008 LSI Corporation
[    2.144411] e1000: Intel(R) PRO/1000 Network Driver - version 7.3.21-k8-NAPI
[    2.145996] e1000: Copyright (c) 1999-2006 Intel Corporation.
[    2.150501] Fusion MPT SPI Host driver 3.04.20
[    2.177935] AVX2 version of gcm_enc/dec engaged.
[    2.179185] AES CTR mode by8 optimization enabled
[    2.374494] input: ImExPS/2 Generic Explorer Mouse as /devices/platform/i8042/serio1/input/input4
[    2.616013] e1000 0000:00:03.0 eth0: (PCI:33MHz:32-bit) 02:e5:f9:b1:f5:c2
[    2.617397] e1000 0000:00:03.0 eth0: Intel(R) PRO/1000 Network Connection
[    2.620340] mptbase: ioc0: Initiating bringup
[    2.623256] e1000 0000:00:03.0 enp0s3: renamed from eth0
[    3.061097] ioc0: LSI53C1030 A0: Capabilities={Initiator}
[    4.833627] scsi host2: ioc0: LSI53C1030 A0, FwRev=00000000h, Ports=1, MaxQ=256, IRQ=20
[    5.990759] scsi 2:0:0:0: Direct-Access     VBOX     HARDDISK         1.0  PQ: 0 ANSI: 5
[    6.021342] scsi target2:0:0: Beginning Domain Validation
[    6.026703] scsi target2:0:0: Domain Validation skipping write tests
[    6.029693] scsi target2:0:0: Ending Domain Validation
[    6.032258] scsi target2:0:0: asynchronous
[    6.036005] scsi 2:0:1:0: Direct-Access     VBOX     HARDDISK         1.0  PQ: 0 ANSI: 5
[    6.040580] scsi target2:0:1: Beginning Domain Validation
[    6.045135] scsi target2:0:1: Domain Validation skipping write tests
[    6.048857] scsi target2:0:1: Ending Domain Validation
[    6.051610] scsi target2:0:1: asynchronous
[    6.067917] sd 2:0:0:0: Attached scsi generic sg0 type 0
[    6.071013] sd 2:0:1:0: Attached scsi generic sg1 type 0
[    6.073557] sd 2:0:0:0: [sda] 20971520 512-byte logical blocks: (10.7 GB/10.0 GiB)
[    6.073799] sd 2:0:1:0: [sdb] 20480 512-byte logical blocks: (10.5 MB/10.0 MiB)
[    6.074253] sd 2:0:1:0: [sdb] Write Protect is off
[    6.074512] sd 2:0:1:0: [sdb] Incomplete mode parameter data
[    6.074516] sd 2:0:1:0: [sdb] Assuming drive cache: write through
[    6.078929] sd 2:0:1:0: [sdb] Attached SCSI disk
[    6.088512] sd 2:0:0:0: [sda] Write Protect is off
[    6.090172] sd 2:0:0:0: [sda] Incomplete mode parameter data
[    6.091802] sd 2:0:0:0: [sda] Assuming drive cache: write through
[    6.096325]  sda: sda1
[    6.099616] sd 2:0:0:0: [sda] Attached SCSI disk
Begin: Loading essential drivers ... [    8.683222] md: linear personality registered for level -1
[    8.690848] md: multipath personality registered for level -4
[    8.699276] md: raid0 personality registered for level 0
[    8.709239] md: raid1 personality registered for level 1
[    8.788142] raid6: sse2x1   gen()  2678 MB/s
[    8.856338] raid6: sse2x1   xor()  2652 MB/s
[    8.924444] raid6: sse2x2   gen()  7475 MB/s
[    8.992074] raid6: sse2x2   xor()  6508 MB/s
[    9.060085] raid6: sse2x4   gen()  8053 MB/s
[    9.128264] raid6: sse2x4   xor()  4287 MB/s
[    9.196325] raid6: avx2x1   gen() 11151 MB/s
[    9.264717] raid6: avx2x2   gen() 17506 MB/s
[    9.332527] raid6: avx2x4   gen() 11680 MB/s
[    9.334639] raid6: using algorithm avx2x2 gen() 17506 MB/s
[    9.337123] raid6: using avx2x2 recovery algorithm
[    9.342261] xor: automatically using best checksumming function:
[    9.384526]    avx       :  9083.000 MB/sec
[    9.388572] async_tx: api initialized (async)
[    9.408843] md: raid6 personality registered for level 6
[    9.411053] md: raid5 personality registered for level 5
[    9.412891] md: raid4 personality registered for level 4
[    9.429754] md: raid10 personality registered for level 10
done.
Begin: Running /scripts/init-premount ... done.
Begin: Mounting root file system ... Begin: Running /scripts/local-top ... done.
Begin: Running /scripts/local-premount ... [    9.498644] Btrfs loaded
Scanning for Btrfs filesystems
done.
Warning: fsck not present, so skipping root file system
[    9.557522] EXT4-fs (sda1): mounted filesystem with ordered data mode. Opts: (null)
done.
Begin: Running /scripts/local-bottom ... done.
Begin: Running /scripts/init-bottom ... done.
[    9.735154] systemd[1]: systemd 229 running in system mode. (+PAM +AUDIT +SELINUX +IMA +APPARMOR +SMACK +SYSVINIT +UTMP +LIBCRYPTSETUP +GCRYPT +GNUTLS +ACL +XZ -LZ4 +SECCOMP +BLKID +ELFUTILS +KMOD -IDN)
[    9.743363] systemd[1]: Detected virtualization oracle.
[    9.745315] systemd[1]: Detected architecture x86-64.

Welcome to [1mUbuntu 16.04.6 LTS[0m!

[    9.751143] systemd[1]: Set hostname to <ubuntu>.
[    9.756859] systemd[1]: Initializing machine ID from random generator.
[    9.759806] systemd[1]: Installed transient /etc/machine-id file.
[   10.000746] systemd[1]: Listening on LVM2 metadata daemon socket.
[[0;32m  OK  [0m] Listening on LVM2 metadata daemon socket.
[   10.004704] systemd[1]: Reached target Encrypted Volumes.
[[0;32m  OK  [0m] Reached target Encrypted Volumes.
[   10.007819] systemd[1]: Listening on /dev/initctl Compatibility Named Pipe.
[[0;32m  OK  [0m] Listening on /dev/initctl Compatibility Named Pipe.
[   10.014287] systemd[1]: Listening on LVM2 poll daemon socket.
[[0;32m  OK  [0m] Listening on LVM2 poll daemon socket.
[   10.017537] systemd[1]: Reached target Swap.
[[0;32m  OK  [0m] Reached target Swap.
[   10.019974] systemd[1]: Reached target User and Group Name Lookups.
[[0;32m  OK  [0m] Reached target User and Group Name Lookups.
[   10.028950] systemd[1]: Listening on Journal Socket.
[[0;32m  OK  [0m] Listening on Journal Socket.
[   10.040540] systemd[1]: Listening on Device-mapper event daemon FIFOs.
[[0;32m  OK  [0m] Listening on Device-mapper event daemon FIFOs.
[   10.044458] systemd[1]: Listening on udev Kernel Socket.
[[0;32m  OK  [0m] Listening on udev Kernel Socket.
[   10.048537] systemd[1]: Listening on Journal Audit Socket.
[[0;32m  OK  [0m] Listening on Journal Audit Socket.
[   10.051097] systemd[1]: Listening on Journal Socket (/dev/log).
[[0;32m  OK  [0m] Listening on Journal Socket (/dev/log).
[   10.054118] systemd[1]: Reached target System Time Synchronized.
[[0;32m  OK  [0m] Reached target System Time Synchronized.
[   10.058591] systemd[1]: Set up automount Arbitrary Executable File Formats File System Automount Point.
[[0;32m  OK  [0m] Set up automount Arbitrary Executab...ats File System Automount Point.
[   10.064202] systemd[1]: Listening on udev Control Socket.
[[0;32m  OK  [0m] Listening on udev Control Socket.
[   10.069957] systemd[1]: Started Trigger resolvconf update for networkd DNS.
[[0;32m  OK  [0m] Started Trigger resolvconf update for networkd DNS.
[   10.077058] systemd[1]: Created slice User and Session Slice.
[[0;32m  OK  [0m] Created slice User and Session Slice.
[   10.088610] systemd[1]: Created slice System Slice.
[[0;32m  OK  [0m] Created slice System Slice.
[   10.109064] systemd[1]: Starting Load Kernel Modules...
         Starting Load Kernel Modules...
[   10.120854] Loading iSCSI transport class v2.0-870.
[   10.125938] systemd[1]: Starting Remount Root and Kernel File Systems...
         Starting Remount Root and Kernel File Systems...
[   10.134573] systemd[1]: Mounting POSIX Message Queue File System...
[   10.135252] iscsi: registered transport (tcp)
         Mounting POSIX Message Queue File System...
[   10.139566] systemd[1]: Reached target Slices.
[   10.142113] EXT4-fs (sda1): re-mounted. Opts: (null)
[[0;32m  OK  [0m] Reached target Slices.
[   10.145176] systemd[1]: Mounting Huge Pages File System...
         Mounting Huge Pages File System...
[   10.153938] systemd[1]: Starting Nameserver information manager...
         Starting Nameserver information manager...
[   10.167284] systemd[1]: Starting Uncomplicated firewall...
         Starting Uncomplicated firewall...
[   10.174136] systemd[1]: Mounting Debug File System...
         Mounting Debug File System...
[   10.178568] systemd[1]: Created slice system-serial\x2dgetty.slice.
[[0;32m  OK  [0m] Created slice system-serial\x2dgetty.slice.
[   10.184230] systemd[1]: Starting Create list of required static device nodes for the current kernel...
[   10.187969] iscsi: registered transport (iser)
         Starting Create list of required st... nodes for the current kernel...
[   10.191978] systemd[1]: Starting Monitoring of LVM2 mirrors, snapshots etc. using dmeventd or progress polling...
         Starting Monitoring of LVM2 mirrors... dmeventd or progress polling...
[   10.200173] systemd[1]: Starting Set console keymap...
         Starting Set console keymap...
[   10.204165] systemd[1]: Listening on Syslog Socket.
[[0;32m  OK  [0m] Listening on Syslog Socket.
[   10.213814] systemd[1]: Starting Journal Service...
         Starting Journal Service...
[   10.217470] systemd[1]: Started Forward Password Requests to Wall Directory Watch.
[[0;32m  OK  [0m] Started Forward Password Requests to Wall Directory Watch.
[   10.226278] systemd[1]: Mounted POSIX Message Queue File System.
[[0;32m  OK  [0m] Mounted POSIX Message Queue File System.
[   10.240812] systemd[1]: Mounted Debug File System.
[[0;32m  OK  [0m] Mounted Debug File System.
[   10.243426] systemd[1]: Mounted Huge Pages File System.
[[0;32m  OK  [0m] Mounted Huge Pages File System.
[   10.247365] systemd[1]: Started Load Kernel Modules.
[[0;32m  OK  [0m] Started Load Kernel Modules.
[   10.258796] systemd[1]: Started Remount Root and Kernel File Systems.
[[0;32m  OK  [0m] Started Remount Root and Kernel File Systems.
[   10.289151] systemd[1]: Started Uncomplicated firewall.
[[0;32m  OK  [0m] Started Uncomplicated firewall.
[   10.292746] systemd[1]: Started Create list of required static device nodes for the current kernel.
[   10.293217] random: nonblocking pool is initialized
[[0;32m  OK  [0m] Started Create list of required sta...ce nodes for the current kernel.
[   10.305657] systemd[1]: Started Nameserver information manager.
[[0;32m  OK  [0m] Started Nameserver information manager.
[   10.309660] systemd[1]: Started Journal Service.
[[0;32m  OK  [0m] Started Journal Service.
[[0;32m  OK  [0m] Started LVM2 metadata daemon.
         Starting Create Static Device Nodes in /dev...
         Starting Flush Journal to Persistent Storage...
         Starting udev Coldplug all Devices...
         Starting Load/Save Random Seed...
         Starting Apply Kernel Variables...
         Mounting FUSE Control File System...
[[0;32m  OK  [0m] Mounted FUSE Control File System.
[[0;32m  OK  [0m] Started Set console keymap.
[[0;32m  OK  [0m] Started Load/Save Random Seed.
[   10.359695] systemd-journald[408]: Received request to flush runtime journal from PID 1
[[0;32m  OK  [0m] Started Flush Journal to Persistent Storage.
[[0;32m  OK  [0m] Started Create Static Device Nodes in /dev.
         Starting udev Kernel Device Manager...
[[0;32m  OK  [0m] Started Apply Kernel Variables.
[[0;32m  OK  [0m] Started udev Coldplug all Devices.
[[0;32m  OK  [0m] Started Monitoring of LVM2 mirrors,...ng dmeventd or progress polling.
[[0;32m  OK  [0m] Reached target Local File Systems (Pre).
[[0;32m  OK  [0m] Reached target Local File Systems.
         Starting Tell Plymouth To Write Out Runtime Data...
         Starting LSB: AppArmor initialization...
         Starting Create Volatile Files and Directories...
         Starting Initial cloud-init job (pre-networking)...
         Starting Set console font and keymap...
         Starting Commit a transient machine-id on disk...
[[0;32m  OK  [0m] Started udev Kernel Device Manager.
[[0;32m  OK  [0m] Started Tell Plymouth To Write Out Runtime Data.
[[0;32m  OK  [0m] Started Create Volatile Files and Directories.
         Starting Update UTMP about System Boot/Shutdown...
[[0;32m  OK  [0m] Started Dispatch Password Requests to Console Directory Watch.
[[0;32m  OK  [0m] Started Update UTMP about System Boot/Shutdown.
[[0;32m  OK  [0m] Started Commit a transient machine-id on disk.
[[0;32m  OK  [0m] Found device /dev/ttyS0.
[[0;32m  OK  [0m] Listening on Load/Save RF Kill Switch Status /dev/rfkill Watch.
[[0;32m  OK  [0m] Started Set console font and keymap.
[[0;32m  OK  [0m] Created slice system-getty.slice.
[   12.011288] cloud-init[478]: Cloud-init v. 20.2-45-g5f7825e2-0ubuntu1~16.04.1 running 'init-local' at Mon, 27 Jul 2020 08:57:41 +0000. Up 11.34 seconds.
[[0;32m  OK  [0m] Started Initial cloud-init job (pre-networking).
[[0;32m  OK  [0m] Reached target Network (Pre).
[[0;32m  OK  [0m] Started LSB: AppArmor initialization.
         Starting Load AppArmor profiles managed internally by snapd...
         Starting Raise network interfaces...
[[0;32m  OK  [0m] Started Load AppArmor profiles managed internally by snapd.
[[0;32m  OK  [0m] Started Raise network interfaces.
[[0;32m  OK  [0m] Reached target Network.
         Starting Initial cloud-init job (metadata service crawler)...
[   14.902280] cloud-init[941]: Cloud-init v. 20.2-45-g5f7825e2-0ubuntu1~16.04.1 running 'init' at Mon, 27 Jul 2020 08:57:43 +0000. Up 13.68 seconds.
[   14.912741] cloud-init[941]: ci-info: ++++++++++++++++++++++++++++++++++++++Net device info++++++++++++++++++++++++++++++++++++++
[   14.916081] cloud-init[941]: ci-info: +--------+------+----------------------------+---------------+--------+-------------------+
[   14.919527] cloud-init[941]: ci-info: | Device |  Up  |          Address           |      Mask     | Scope  |     Hw-Address    |
[   14.923173] cloud-init[941]: ci-info: +--------+------+----------------------------+---------------+--------+-------------------+
[   14.926893] cloud-init[941]: ci-info: | enp0s3 | True |         10.0.2.15          | 255.255.255.0 | global | 02:e5:f9:b1:f5:c2 |
[   14.929616] cloud-init[941]: ci-info: | enp0s3 | True | fe80::e5:f9ff:feb1:f5c2/64 |       .       |  link  | 02:e5:f9:b1:f5:c2 |
[   14.941186] cloud-init[941]: ci-info: |   lo   | True |         127.0.0.1          |   255.0.0.0   |  host  |         .         |
[   14.944166] cloud-init[941]: ci-info: |   lo   | True |          ::1/128           |       .       |  host  |         .         |
[   14.947056] cloud-init[941]: ci-info: +--------+------+----------------------------+---------------+--------+-------------------+
[   14.957086] cloud-init[941]: ci-info: +++++++++++++++++++++++++++Route IPv4 info++++++++++++++++++++++++++++
[   14.965306] cloud-init[941]: ci-info: +-------+-------------+----------+---------------+-----------+-------+
[   14.968612] cloud-init[941]: ci-info: | Route | Destination | Gateway  |    Genmask    | Interface | Flags |
[   14.971564] cloud-init[941]: ci-info: +-------+-------------+----------+---------------+-----------+-------+
[   14.974728] cloud-init[941]: ci-info: |   0   |   0.0.0.0   | 10.0.2.2 |    0.0.0.0    |   enp0s3  |   UG  |
[   14.984915] cloud-init[941]: ci-info: |   1   |   10.0.2.0  | 0.0.0.0  | 255.255.255.0 |   enp0s3  |   U   |
[   14.988074] cloud-init[941]: ci-info: +-------+-------------+----------+---------------+-----------+-------+
[   14.997553] cloud-init[941]: ci-info: +++++++++++++++++++Route IPv6 info+++++++++++++++++++
[   15.000995] cloud-init[941]: ci-info: +-------+-------------+---------+-----------+-------+
[   15.003828] cloud-init[941]: ci-info: | Route | Destination | Gateway | Interface | Flags |
[   15.006841] cloud-init[941]: ci-info: +-------+-------------+---------+-----------+-------+
[   15.009716] cloud-init[941]: ci-info: |   0   |  fe80::/64  |    ::   |   enp0s3  |   U   |
[   15.011870] cloud-init[941]: ci-info: |   3   |   ff00::/8  |    ::   |   enp0s3  |   U   |
[   15.014187] cloud-init[941]: ci-info: +-------+-------------+---------+-----------+-------+
[   15.024863] cloud-init[941]: Generating public/private rsa key pair.
[   15.032662] cloud-init[941]: Your identification has been saved in /etc/ssh/ssh_host_rsa_key.
[   15.042132] cloud-init[941]: Your public key has been saved in /etc/ssh/ssh_host_rsa_key.pub.
[   15.053265] cloud-init[941]: The key fingerprint is:
[   15.055071] cloud-init[941]: SHA256:FKbB43l9BJD+UMtY58HVmTnrEEsuWHEBGVEJjvwCEP4 root@ubuntu-xenial
[   15.058418] cloud-init[941]: The key's randomart image is:
[   15.060939] cloud-init[941]: +---[RSA 2048]----+
[   15.062893] cloud-init[941]: |     +o +o.OO=+.+|
[   15.064930] cloud-init[941]: |    . ++o.=o*+ =.|
[   15.067176] cloud-init[941]: |     o.=.Oo*o.o o|
[   15.069127] cloud-init[941]: |      +.*.=.o+ . |
[   15.077063] cloud-init[941]: |       ES+ o. o  |
[   15.084788] cloud-init[941]: |          o    . |
[   15.086805] cloud-init[941]: |                 |
[   15.089053] cloud-init[941]: |                 |
[   15.097359] [[0;32m  OK  [0m] Started Initial cloud-init job (metadata service crawler).
[[0;32m  OK  [0m] Reached target Cloud-config availability.
[[0;32m  OK  [0m] Reached target System Initialization.
cloud-init[941]: |                 |
[   15.109109] [[0;32m  OK  [0m] Started ACPI Events Check.
[[0;32m  OK  [0m] Reached target Paths.
cloud-init[941]: +----[SHA256]-----+
[[0;32m  OK  [0m] Started Daily apt download activities.
[[0;32m  OK  [0m] Started Daily apt upgrade and clean activities.
[[0;32m  OK  [0m] Listening on ACPID Listen Socket.
         Starting Socket activation for snappy daemon.
[[0;32m  OK  [0m] Listening on UUID daemon activation socket.
[   15.113584] cloud-init[941]: Generating public/private dsa key pair.
[   15.122588] cloud-init[941]: Your identification has been saved in /etc/ssh/ssh_host_dsa_key.
[   15.123161] cloud-init[941]: Your public key has been saved in /etc/ssh/ssh_host_dsa_key.pub.
[   15.123652] cloud-init[941]: The key fingerprint is:
[   15.125587] cloud-init[941]: SHA256:j6lev0OgNPTywUstOYf7pFAW+vSHbzZChHOCFCylzew root@ubuntu-xenial
[   15.125891] cloud-init[941]: The key's randomart image is:
[   15.126153] cloud-init[941]: +---[DSA 1024]----+
[   15.126441] cloud-init[941]: |     oo.         |
[   15.126867] cloud-init[941]: |    .=+ .        |
[   15.127584] cloud-init[941]: |    .++= *       |
[   15.128648] cloud-init[941]: |     .* ^ =      |
[   15.129744] cloud-init[941]: |     .E@S# .     |
[   15.130312] cloud-init[941]: |      o =+* .    |
[   15.130803] cloud-init[941]: |       .+*.o     |
[   15.131432] cloud-init[941]: |       o..+ =    |
[   15.132561] cloud-init[941]: |     .o   o* .   |
[   15.133568] cloud-init[941]: +----[SHA256]-----+
[   15.134273] cloud-init[941]: Generating public/private ecdsa key pair.
[   15.134897] cloud-init[941]: Your identification has been saved in /etc/ssh/ssh_host_ecdsa_key.
[   15.135504] cloud-init[941]: Your public key has been saved in /etc/ssh/ssh_host_ecdsa_key.pub.
[   15.136470] cloud-init[941]: The key fingerprint is:
[   15.136729] cloud-init[941]: SHA256:LYWh9cSJJ0vZ24v6viLdJc6hQO5ZGvdkES6o/PSJA1U root@ubuntu-xenial
[   15.137504] cloud-init[941]: The key's randomart image is:
[   15.137945] cloud-init[941]: +---[ECDSA 256]---+
[   15.138336] cloud-init[941]: |        o=..     |
[   15.138552] cloud-init[941]: |       oE=*      |
[   15.139310] cloud-init[941]: |      .+.=o+     |
[   15.140406] cloud-init[941]: |      + oo+ .    |
[   15.140604] cloud-init[941]: |   . =  S..o .   |
[   15.141081] cloud-init[941]: |    + = o.* o    |
[   15.141502] cloud-init[941]: |     = @ @ +     |
[   15.142125] cloud-init[941]: |      O B =      |
[   15.142375] cloud-init[941]: |       o ++.     |
[   15.143260] cloud-init[941]: +----[SHA256]-----+
[   15.143513] cloud-init[941]: Generating public/private ed25519 key pair.
[   15.144424] cloud-init[941]: Your identification has been saved in /etc/ssh/ssh_host_ed25519_key.
[   15.145402] cloud-init[941]: Your public key has been saved in /etc/ssh/ssh_host_ed25519_key.pub.
[   15.145627] cloud-init[941]: The key fingerprint is:
[   15.145926] cloud-init[941]: SHA256:Xp/As+jmac2jm1//L9vweU6te7fQ1VEmubA9VagSlCI root@ubuntu-xenial
[   15.146331] cloud-init[941]: The key's randomart image is:
[   15.146652] cloud-init[941]: +--[ED25519 256]--+
[   15.147100] cloud-init[941]: |         ...  .o=|
[   15.147483] cloud-init[941]: |      E . o . ooo|
[   15.147916] cloud-init[941]: |       . . . = + |
[   15.148316] cloud-init[941]: |         .. o + o|
[   15.148774] cloud-init[941]: |        S =.   .o|
[   15.149204] cloud-init[941]: |       . o = .. o|
[   15.150029] cloud-init[941]: |        oo. +...o|
[[0;32m  OK  [0m] Started Message of the Day.
[   15.150358] cloud-init[941]: |       .oo+. .o*=|
[   15.184708] cloud-init[941]: |       +B+..  =X@|
[   15.185062] cloud-init[941]: +----[SHA256]-----+
         Starting LXD - unix socket.
[[0;32m  OK  [0m] Listening on D-Bus System Message Bus Socket.
[[0;32m  OK  [0m] Started Daily Cleanup of Temporary Directories.
[[0;32m  OK  [0m] Reached target Timers.
[[0;32m  OK  [0m] Reached target Network is Online.
         Starting iSCSI initiator daemon (iscsid)...
[[0;32m  OK  [0m] Listening on Socket activation for snappy daemon.
[[0;32m  OK  [0m] Listening on LXD - unix socket.
[[0;32m  OK  [0m] Reached target Sockets.
[[0;32m  OK  [0m] Reached target Basic System.
         Starting LSB: MD monitoring daemon...
[[0;32m  OK  [0m] Started FUSE filesystem for LXC.
         Starting LSB: Record successful boot for GRUB...
         Starting Pollinate to seed the pseudo random number generator...
[[0;32m  OK  [0m] Started ACPI event daemon.
[[0;32m  OK  [0m] Started D-Bus System Message Bus.
         Starting /etc/rc.local Compatibility...
         Starting LXD - container startup/shutdown...
[[0;32m  OK  [0m] Started Deferred execution scheduler.
         Starting Login Service...
[[0;32m  OK  [0m] Started Regular background program processing daemon.
         Starting System Logging Service...
         Starting Accounts Service...
         Starting Virtualbox guest utils...
         Starting Snap Daemon...
[[0;32m  OK  [0m] Started /etc/rc.local Compatibility.
[[0;32m  OK  [0m] Started iSCSI initiator daemon (iscsid).
         Starting Login to default iSCSI targets...
[[0;32m  OK  [0m] Started Login Service.
[[0;32m  OK  [0m] Started System Logging Service.
[[0;32m  OK  [0m] Started LSB: MD monitoring daemon.
[[0;32m  OK  [0m] Started Unattended Upgrades Shutdown.
[[0;32m  OK  [0m] Started LSB: Record successful boot for GRUB.
[[0;32m  OK  [0m] Started Login to default iSCSI targets.
[[0;32m  OK  [0m] Reached target Remote File Systems (Pre).
[[0;32m  OK  [0m] Reached target Remote File Systems.
         Starting LSB: automatic crash report generation...
         Starting LSB: Set the CPU Frequency Scaling governor to "ondemand"...
         Starting Permit User Sessions...
         Starting LSB: daemon to balance interrupts for SMP systems...
[[0;32m  OK  [0m] Started Permit User Sessions.
         Starting Hold until boot process finishes up...
         Starting Terminate Plymouth Boot Screen...
[[0;32m  OK  [0m] Started Hold until boot process finishes up.
[[0;32m  OK  [0m] Started Getty on tty1.
[[0;32m  OK  [0m] Started Serial Getty on ttyS0.
[[0;32m  OK  [0m] Reached target Login Prompts.
         Starting Set console scheme...
[[0;32m  OK  [0m] Started Terminate Plymouth Boot Screen.
[[0;32m  OK  [0m] Started Set console scheme.
[[0;32m  OK  [0m] Started LSB: Set the CPU Frequency Scaling governor to "ondemand".
[[0;32m  OK  [0m] Started LSB: automatic crash report generation.
[[0;32m  OK  [0m] Started LSB: daemon to balance interrupts for SMP systems.
         Starting Authenticate and Authorize Users to Run Privileged Tasks...
[[0;32m  OK  [0m] Started LXD - container startup/shutdown.
[[0;32m  OK  [0m] Started Authenticate and Authorize Users to Run Privileged Tasks.
[[0;32m  OK  [0m] Started Accounts Service.
[[0;32m  OK  [0m] Started Virtualbox guest utils.
[[0;32m  OK  [0m] Started Snap Daemon.
         Starting Wait until snapd is fully seeded...
[[0;32m  OK  [0m] Started Pollinate to seed the pseudo random number generator.
         Starting OpenBSD Secure Shell server...
[[0;32m  OK  [0m] Started OpenBSD Secure Shell server.
[[0;32m  OK  [0m] Started Wait until snapd is fully seeded.
         Starting Apply the settings specified in cloud-config...
[[0;32m  OK  [0m] Reached target Multi-User System.
[[0;32m  OK  [0m] Reached target Graphical Interface.
         Starting Update UTMP about System Runlevel Changes...
[[0;32m  OK  [0m] Started Update UTMP about System Runlevel Changes.
[   17.813869] cloud-init[1295]: Generating locales (this might take a while)...
[[0;32m  OK  [0m] Created slice User Slice of vagrant.
         Starting User Manager for UID 1000...
[[0;32m  OK  [0m] Started Session 1 of user vagrant.
[[0;32m  OK  [0m] Started User Manager for UID 1000.
[   18.773697] cloud-init[1295]:   en_US.UTF-8... done
[   18.775069] cloud-init[1295]: Generation complete.
[   19.104859] cloud-init[1295]: Cloud-init v. 20.2-45-g5f7825e2-0ubuntu1~16.04.1 running 'modules:config' at Mon, 27 Jul 2020 08:57:47 +0000. Up 17.65 seconds.
[[0;32m  OK  [0m] Started Apply the settings specified in cloud-config.
         Starting Execute cloud user/final scripts...
ci-info: no authorized SSH keys fingerprints found for user ubuntu.
<14>Jul 27 08:57:49 ec2: 
<14>Jul 27 08:57:49 ec2: #############################################################
<14>Jul 27 08:57:49 ec2: -----BEGIN SSH HOST KEY FINGERPRINTS-----
<14>Jul 27 08:57:49 ec2: 1024 SHA256:j6lev0OgNPTywUstOYf7pFAW+vSHbzZChHOCFCylzew root@ubuntu-xenial (DSA)
<14>Jul 27 08:57:49 ec2: 256 SHA256:LYWh9cSJJ0vZ24v6viLdJc6hQO5ZGvdkES6o/PSJA1U root@ubuntu-xenial (ECDSA)
<14>Jul 27 08:57:49 ec2: 256 SHA256:Xp/As+jmac2jm1//L9vweU6te7fQ1VEmubA9VagSlCI root@ubuntu-xenial (ED25519)
<14>Jul 27 08:57:49 ec2: 2048 SHA256:FKbB43l9BJD+UMtY58HVmTnrEEsuWHEBGVEJjvwCEP4 root@ubuntu-xenial (RSA)
<14>Jul 27 08:57:49 ec2: -----END SSH HOST KEY FINGERPRINTS-----
<14>Jul 27 08:57:49 ec2: #############################################################
-----BEGIN SSH HOST KEY KEYS-----
ecdsa-sha2-nistp256 AAAAE2VjZHNhLXNoYTItbmlzdHAyNTYAAAAIbmlzdHAyNTYAAABBBP2RWumk6qc0cU0jrvLRQqdNjVZhmiEMo5DrEQa/9HwncyaHDDvBbDykLG0vf1wQzJ7OMsmoLzrzGjor+oZVtdI= root@ubuntu-xenial
ssh-ed25519 AAAAC3NzaC1lZDI1NTE5AAAAIG5b+E6xAzYk5ajCrlLhkSJF1ARzhw9wLdhPZjSpJ573 root@ubuntu-xenial
ssh-rsa AAAAB3NzaC1yc2EAAAADAQABAAABAQDFba5Ymys1llYOduMsApXaYxUp9YWbQUtsBV8hF0PyfLplm8kkS7Q1yF3a4vkipcg/4HmBWV0crpXMfZKAZXlVJl6SZjgFnncOAIiHG2M/aQ9lYYi21BT4RjAEAr32iCZEcdDBW5/4fDQEKpt8/iUosyhc3LCD5X0ZDPqHzY/79dN5/5nYblNSJgy4TCaX0vktQA7sV9zaZjOKw5OhptCV/TBDKeaIP9sBw9GliPnEO0e+YJ0V++XFyBMcqdN85cZrXqsFBp+zKBjof4uVx/YeTWCgE3xiAdiGNi5Q7cfBlcNhXEYPoMY/H6iM2u5bMWtyOer88A6hogqEaSg+WgFF root@ubuntu-xenial
-----END SSH HOST KEY KEYS-----
[   19.696395] cloud-init[1408]: Cloud-init v. 20.2-45-g5f7825e2-0ubuntu1~16.04.1 running 'modules:final' at Mon, 27 Jul 2020 08:57:49 +0000. Up 19.54 seconds.
[   19.697556] cloud-init[1408]: ci-info: no authorized SSH keys fingerprints found for user ubuntu.
[   19.709021] cloud-init[1408]: Cloud-init v. 20.2-45-g5f7825e2-0ubuntu1~16.04.1 finished at Mon, 27 Jul 2020 08:57:49 +0000. Datasource DataSourceNoCloud [seed=/dev/sdb][dsmode=net].  Up 19.68 seconds
[[0;32m  OK  [0m] Started Execute cloud user/final scripts.
[[0;32m  OK  [0m] Reached target Cloud-init target.

Ubuntu 16.04.6 LTS ubuntu-xenial ttyS0

ubuntu-xenial login: 